{"level":"error","message":"Lawyer not found for consultation: 08471be0-926a-11ed-acb6-c39cb70957f6"}
{"level":"error","message":"Lawyer not found for consultation: 08471be0-926a-11ed-acb6-c39cb70957f6"}
{"level":"error","message":"Lawyer not found for consultation: 08471be0-926a-11ed-acb6-c39cb70957f6"}
{"level":"error","message":"Lawyer not found for consultation: 8b5203b0-926a-11ed-935e-c95a45466fed"}
{"level":"error","message":"Lawyer not found for consultation: 8b5203b0-926a-11ed-935e-c95a45466fed"}
{"level":"error","message":"Lawyer not found for consultation: 8b5203b0-926a-11ed-935e-c95a45466fed"}
{"level":"error","message":"Lawyer not found for consultation: 8b5203b0-926a-11ed-935e-c95a45466fed"}
{"level":"error","message":"Lawyer not found for consultation: 8b5203b0-926a-11ed-935e-c95a45466fed"}
{"level":"error","message":"Lawyer not found for consultation: 8b5203b0-926a-11ed-935e-c95a45466fed"}
{"level":"error","message":"Lawyer not found for consultation: 8b5203b0-926a-11ed-935e-c95a45466fed"}
{"level":"error","message":"Lawyer not found for consultation: 8b5203b0-926a-11ed-935e-c95a45466fed"}
{"level":"error","message":"Lawyer not found for consultation: 56c06300-92b8-11ed-b196-5bdab384c8d7"}
{"level":"error","message":"Lawyer not found for consultation: 56c06300-92b8-11ed-b196-5bdab384c8d7"}
{"level":"error","message":"Lawyer not found for consultation: 56c06300-92b8-11ed-b196-5bdab384c8d7"}
{"level":"error","message":"Lawyer not found for consultation: 56c06300-92b8-11ed-b196-5bdab384c8d7"}
{"level":"error","message":"Lawyer not found for consultation: 56c06300-92b8-11ed-b196-5bdab384c8d7"}
{"level":"error","message":"Lawyer not found for consultation: 56c06300-92b8-11ed-b196-5bdab384c8d7"}
{"level":"error","message":"Lawyer not found for consultation: 56c06300-92b8-11ed-b196-5bdab384c8d7"}
{"level":"error","message":"Lawyer not found for consultation: 56c06300-92b8-11ed-b196-5bdab384c8d7"}
{"level":"error","message":"Lawyer not found for consultation: 56c06300-92b8-11ed-b196-5bdab384c8d7"}
{"level":"error","message":"Lawyer not found for consultation: 56c06300-92b8-11ed-b196-5bdab384c8d7"}
{"level":"error","message":"Lawyer not found for consultation: 56c06300-92b8-11ed-b196-5bdab384c8d7"}
{"level":"error","message":"Lawyer not found for consultation: 56c06300-92b8-11ed-b196-5bdab384c8d7"}
{"level":"error","message":"Lawyer not found for consultation: 56c06300-92b8-11ed-b196-5bdab384c8d7"}
{"level":"error","message":"Lawyer not found for consultation: 56c06300-92b8-11ed-b196-5bdab384c8d7"}
{"level":"error","message":"Client not found for consultation: 56c06300-92b8-11ed-b196-5bdab384c8d7"}
{"level":"error","message":"Client not found for consultation: 56c06300-92b8-11ed-b196-5bdab384c8d7"}
{"level":"error","message":"Lawyer not found for consultation: 9693d830-92b9-11ed-8b20-17d0acf30580"}
{"level":"error","message":"Lawyer not found for consultation: 9693d830-92b9-11ed-8b20-17d0acf30580"}
{"level":"error","message":"Lawyer not found for consultation: 9693d830-92b9-11ed-8b20-17d0acf30580"}
{"level":"error","message":"Lawyer not found for consultation: 9693d830-92b9-11ed-8b20-17d0acf30580"}
{"level":"error","message":"Lawyer not found for consultation: 9693d830-92b9-11ed-8b20-17d0acf30580"}
{"level":"error","message":"Lawyer not found for consultation: 9693d830-92b9-11ed-8b20-17d0acf30580"}
{"level":"error","message":"Lawyer not found for consultation: 9693d830-92b9-11ed-8b20-17d0acf30580"}
{"level":"error","message":"Lawyer not found for consultation: 9693d830-92b9-11ed-8b20-17d0acf30580"}
{"level":"error","message":"Lawyer not found for consultation: 9693d830-92b9-11ed-8b20-17d0acf30580"}
{"level":"error","message":"Lawyer not found for consultation: 9693d830-92b9-11ed-8b20-17d0acf30580"}
{"level":"error","message":"Lawyer not found for consultation: 9693d830-92b9-11ed-8b20-17d0acf30580"}
{"level":"error","message":"Lawyer not found for consultation: 9693d830-92b9-11ed-8b20-17d0acf30580"}
{"level":"error","message":"Lawyer not found for consultation: 9693d830-92b9-11ed-8b20-17d0acf30580"}
{"level":"error","message":"Lawyer not found for consultation: 9693d830-92b9-11ed-8b20-17d0acf30580"}
{"level":"error","message":"Lawyer not found for consultation: 45daa860-9309-11ed-9487-2db3442ddc84"}
{"level":"error","message":"Lawyer not found for consultation: 45daa860-9309-11ed-9487-2db3442ddc84"}
{"level":"error","message":"Client not found for consultation: 45daa860-9309-11ed-9487-2db3442ddc84"}
{"level":"error","message":"Client not found for consultation: 45daa860-9309-11ed-9487-2db3442ddc84"}
{"level":"error","message":"Client not found for consultation: 45daa860-9309-11ed-9487-2db3442ddc84"}
{"level":"error","message":"Client not found for consultation: 45daa860-9309-11ed-9487-2db3442ddc84"}
{"level":"error","message":"Lawyer not found for consultation: a696c1c0-9309-11ed-8e76-0581384702b3"}
{"level":"error","message":"Lawyer not found for consultation: a696c1c0-9309-11ed-8e76-0581384702b3"}
{"level":"error","message":"Lawyer not found for consultation: a696c1c0-9309-11ed-8e76-0581384702b3"}
{"level":"error","message":"Lawyer not found for consultation: a696c1c0-9309-11ed-8e76-0581384702b3"}
{"level":"error","message":"Lawyer not found for consultation: a696c1c0-9309-11ed-8e76-0581384702b3"}
{"level":"error","message":"Lawyer not found for consultation: a696c1c0-9309-11ed-8e76-0581384702b3"}
{"level":"error","message":"Lawyer not found for consultation: a696c1c0-9309-11ed-8e76-0581384702b3"}
{"level":"error","message":"Lawyer not found for consultation: a696c1c0-9309-11ed-8e76-0581384702b3"}
{"level":"info","message":"Fri Jan 13 2023 11:00:00 GMT+0400 (Armenia Standard Time) | Привет mila. Через 2 часа у вас консультация с юристом Lawyer."}
{"level":"error","message":"consultation.startTime.format is not a function"}
{"level":"info","message":"Fri Jan 13 2023 11:00:00 GMT+0400 (Armenia Standard Time) | Привет mila. Через 2 часа у вас консультация с юристом Lawyer."}
{"level":"error","message":"consultation.startTime.format is not a function"}
{"level":"error","message":"Client not found for consultation: a696c1c0-9309-11ed-8e76-0581384702b3"}
{"level":"error","message":"Client not found for consultation: a696c1c0-9309-11ed-8e76-0581384702b3"}
{"level":"error","message":"Lawyer not found for consultation: af11f8a0-930a-11ed-af1d-d9cd28535e8e"}
{"level":"error","message":"Lawyer not found for consultation: af11f8a0-930a-11ed-af1d-d9cd28535e8e"}
{"level":"error","message":"Lawyer not found for consultation: af11f8a0-930a-11ed-af1d-d9cd28535e8e"}
{"level":"error","message":"Lawyer not found for consultation: af11f8a0-930a-11ed-af1d-d9cd28535e8e"}
{"level":"error","message":"Lawyer not found for consultation: af11f8a0-930a-11ed-af1d-d9cd28535e8e"}
{"level":"error","message":"Lawyer not found for consultation: af11f8a0-930a-11ed-af1d-d9cd28535e8e"}
{"level":"error","message":"Lawyer not found for consultation: af11f8a0-930a-11ed-af1d-d9cd28535e8e"}
{"level":"error","message":"Lawyer not found for consultation: af11f8a0-930a-11ed-af1d-d9cd28535e8e"}
{"level":"error","message":"Lawyer not found for consultation: af11f8a0-930a-11ed-af1d-d9cd28535e8e"}
{"level":"error","message":"Lawyer not found for consultation: af11f8a0-930a-11ed-af1d-d9cd28535e8e"}
{"level":"error","message":"Lawyer not found for consultation: af11f8a0-930a-11ed-af1d-d9cd28535e8e"}
{"level":"error","message":"Lawyer not found for consultation: af11f8a0-930a-11ed-af1d-d9cd28535e8e"}
{"level":"error","message":"Client not found for consultation: af11f8a0-930a-11ed-af1d-d9cd28535e8e"}
{"level":"error","message":"Client not found for consultation: af11f8a0-930a-11ed-af1d-d9cd28535e8e"}
{"level":"error","message":"Client not found for consultation: af11f8a0-930a-11ed-af1d-d9cd28535e8e"}
{"level":"error","message":"Client not found for consultation: af11f8a0-930a-11ed-af1d-d9cd28535e8e"}
{"level":"error","message":"Client not found for consultation: af11f8a0-930a-11ed-af1d-d9cd28535e8e"}
{"level":"error","message":"Client not found for consultation: af11f8a0-930a-11ed-af1d-d9cd28535e8e"}
{"level":"error","message":"Client not found for consultation: af11f8a0-930a-11ed-af1d-d9cd28535e8e"}
{"level":"error","message":"Client not found for consultation: af11f8a0-930a-11ed-af1d-d9cd28535e8e"}
{"level":"error","message":"Client not found for consultation: af11f8a0-930a-11ed-af1d-d9cd28535e8e"}
{"level":"error","message":"Client not found for consultation: af11f8a0-930a-11ed-af1d-d9cd28535e8e"}
{"level":"error","message":"Client not found for consultation: af11f8a0-930a-11ed-af1d-d9cd28535e8e"}
{"level":"error","message":"Client not found for consultation: af11f8a0-930a-11ed-af1d-d9cd28535e8e"}
{"level":"error","message":"Client not found for consultation: af11f8a0-930a-11ed-af1d-d9cd28535e8e"}
{"level":"error","message":"Client not found for consultation: af11f8a0-930a-11ed-af1d-d9cd28535e8e"}
{"level":"error","message":"Lawyer not found for consultation: dc059f40-930c-11ed-ac0e-f1a045813526"}
{"level":"error","message":"Lawyer not found for consultation: dc059f40-930c-11ed-ac0e-f1a045813526"}
{"level":"error","message":"Lawyer not found for consultation: dc059f40-930c-11ed-ac0e-f1a045813526"}
{"level":"error","message":"Lawyer not found for consultation: dc059f40-930c-11ed-ac0e-f1a045813526"}
{"level":"error","message":"Lawyer not found for consultation: 61403850-930d-11ed-9c76-5ddd911b6874"}
{"level":"error","message":"Lawyer not found for consultation: 61403850-930d-11ed-9c76-5ddd911b6874"}
{"level":"error","message":"Lawyer not found for consultation: 61403850-930d-11ed-9c76-5ddd911b6874"}
{"level":"error","message":"Lawyer not found for consultation: 61403850-930d-11ed-9c76-5ddd911b6874"}
{"level":"error","message":"Lawyer not found for consultation: 61403850-930d-11ed-9c76-5ddd911b6874"}
{"level":"error","message":"Lawyer not found for consultation: 61403850-930d-11ed-9c76-5ddd911b6874"}
{"level":"error","message":"Lawyer not found for consultation: 61403850-930d-11ed-9c76-5ddd911b6874"}
{"level":"error","message":"Lawyer not found for consultation: 61403850-930d-11ed-9c76-5ddd911b6874"}
{"level":"error","message":"Lawyer not found for consultation: 61403850-930d-11ed-9c76-5ddd911b6874"}
{"level":"error","message":"Lawyer not found for consultation: 61403850-930d-11ed-9c76-5ddd911b6874"}
{"level":"error","message":"Lawyer not found for consultation: 61403850-930d-11ed-9c76-5ddd911b6874"}
{"level":"error","message":"Lawyer not found for consultation: 61403850-930d-11ed-9c76-5ddd911b6874"}
{"level":"error","message":"Client not found for consultation: 61403850-930d-11ed-9c76-5ddd911b6874"}
{"level":"error","message":"Client not found for consultation: 61403850-930d-11ed-9c76-5ddd911b6874"}
{"level":"error","message":"Lawyer not found for consultation: 57c1b050-930e-11ed-96b0-f5bcada65c59"}
{"level":"error","message":"Lawyer not found for consultation: 57c1b050-930e-11ed-96b0-f5bcada65c59"}
{"level":"error","message":"Client not found for consultation: 57c1b050-930e-11ed-96b0-f5bcada65c59"}
{"level":"error","message":"Client not found for consultation: 57c1b050-930e-11ed-96b0-f5bcada65c59"}
{"level":"error","message":"Lawyer not found for consultation: 99ce6920-930e-11ed-960f-a9da536f2c6e"}
{"level":"error","message":"Lawyer not found for consultation: 99ce6920-930e-11ed-960f-a9da536f2c6e"}
{"level":"error","message":"Client not found for consultation: 99ce6920-930e-11ed-960f-a9da536f2c6e"}
{"level":"error","message":"Client not found for consultation: 99ce6920-930e-11ed-960f-a9da536f2c6e"}
{"level":"error","message":"Lawyer not found for consultation: e8e9e020-930e-11ed-9173-b1abaf19bb32"}
{"level":"error","message":"Lawyer not found for consultation: e8e9e020-930e-11ed-9173-b1abaf19bb32"}
{"level":"error","message":"Lawyer not found for consultation: e8e9e020-930e-11ed-9173-b1abaf19bb32"}
{"level":"error","message":"Lawyer not found for consultation: e8e9e020-930e-11ed-9173-b1abaf19bb32"}
{"level":"error","message":"Lawyer not found for consultation: e8e9e020-930e-11ed-9173-b1abaf19bb32"}
{"level":"error","message":"Lawyer not found for consultation: e8e9e020-930e-11ed-9173-b1abaf19bb32"}
{"level":"error","message":"Lawyer not found for consultation: e8e9e020-930e-11ed-9173-b1abaf19bb32"}
{"level":"error","message":"Lawyer not found for consultation: e8e9e020-930e-11ed-9173-b1abaf19bb32"}
{"level":"error","message":"Lawyer not found for consultation: e8e9e020-930e-11ed-9173-b1abaf19bb32"}
{"level":"error","message":"Lawyer not found for consultation: e8e9e020-930e-11ed-9173-b1abaf19bb32"}
{"level":"error","message":"Lawyer not found for consultation: e8e9e020-930e-11ed-9173-b1abaf19bb32"}
{"level":"error","message":"Lawyer not found for consultation: e8e9e020-930e-11ed-9173-b1abaf19bb32"}
{"level":"error","message":"Lawyer not found for consultation: e8e9e020-930e-11ed-9173-b1abaf19bb32"}
{"level":"error","message":"Lawyer not found for consultation: e8e9e020-930e-11ed-9173-b1abaf19bb32"}
{"level":"error","message":"Lawyer not found for consultation: e8e9e020-930e-11ed-9173-b1abaf19bb32"}
{"level":"error","message":"Lawyer not found for consultation: e8e9e020-930e-11ed-9173-b1abaf19bb32"}
{"level":"error","message":"Lawyer not found for consultation: e8e9e020-930e-11ed-9173-b1abaf19bb32"}
{"level":"error","message":"Lawyer not found for consultation: e8e9e020-930e-11ed-9173-b1abaf19bb32"}
{"level":"error","message":"Lawyer not found for consultation: e8e9e020-930e-11ed-9173-b1abaf19bb32"}
{"level":"error","message":"Lawyer not found for consultation: e8e9e020-930e-11ed-9173-b1abaf19bb32"}
{"level":"error","message":"Lawyer not found for consultation: e8e9e020-930e-11ed-9173-b1abaf19bb32"}
{"level":"error","message":"Lawyer not found for consultation: e8e9e020-930e-11ed-9173-b1abaf19bb32"}
{"level":"error","message":"Lawyer not found for consultation: e8e9e020-930e-11ed-9173-b1abaf19bb32"}
{"level":"error","message":"Lawyer not found for consultation: e8e9e020-930e-11ed-9173-b1abaf19bb32"}
{"level":"error","message":"Lawyer not found for consultation: e8e9e020-930e-11ed-9173-b1abaf19bb32"}
{"level":"error","message":"Lawyer not found for consultation: e8e9e020-930e-11ed-9173-b1abaf19bb32"}
{"level":"error","message":"Lawyer not found for consultation: e8e9e020-930e-11ed-9173-b1abaf19bb32"}
{"level":"error","message":"Lawyer not found for consultation: e8e9e020-930e-11ed-9173-b1abaf19bb32"}
{"level":"error","message":"Lawyer not found for consultation: e8e9e020-930e-11ed-9173-b1abaf19bb32"}
{"level":"error","message":"Lawyer not found for consultation: e8e9e020-930e-11ed-9173-b1abaf19bb32"}
{"level":"error","message":"Lawyer not found for consultation: abe3ac00-931e-11ed-b64e-93f629e31c62"}
{"level":"error","message":"Lawyer not found for consultation: abe3ac00-931e-11ed-b64e-93f629e31c62"}
{"level":"error","message":"Lawyer not found for consultation: abe3ac00-931e-11ed-b64e-93f629e31c62"}
{"level":"error","message":"Lawyer not found for consultation: abe3ac00-931e-11ed-b64e-93f629e31c62"}
{"level":"error","message":"Lawyer not found for consultation: abe3ac00-931e-11ed-b64e-93f629e31c62"}
{"level":"error","message":"Lawyer not found for consultation: abe3ac00-931e-11ed-b64e-93f629e31c62"}
{"level":"error","message":"Lawyer not found for consultation: abe3ac00-931e-11ed-b64e-93f629e31c62"}
{"level":"error","message":"Lawyer not found for consultation: abe3ac00-931e-11ed-b64e-93f629e31c62"}
{"level":"error","message":"Lawyer not found for consultation: 01f69580-931f-11ed-8891-cf2c9482569a"}
{"level":"error","message":"Lawyer not found for consultation: 01f69580-931f-11ed-8891-cf2c9482569a"}
{"level":"error","message":"Lawyer not found for consultation: abe3ac00-931e-11ed-b64e-93f629e31c62"}
{"level":"error","message":"Lawyer not found for consultation: abe3ac00-931e-11ed-b64e-93f629e31c62"}
{"level":"error","message":"Lawyer not found for consultation: 01f69580-931f-11ed-8891-cf2c9482569a"}
{"level":"error","message":"Lawyer not found for consultation: 01f69580-931f-11ed-8891-cf2c9482569a"}
{"level":"error","message":"Lawyer not found for consultation: abe3ac00-931e-11ed-b64e-93f629e31c62"}
{"level":"error","message":"Lawyer not found for consultation: abe3ac00-931e-11ed-b64e-93f629e31c62"}
{"level":"error","message":"Lawyer not found for consultation: 01f69580-931f-11ed-8891-cf2c9482569a"}
{"level":"error","message":"Lawyer not found for consultation: 01f69580-931f-11ed-8891-cf2c9482569a"}
{"level":"error","message":"Lawyer not found for consultation: abe3ac00-931e-11ed-b64e-93f629e31c62"}
{"level":"error","message":"Lawyer not found for consultation: abe3ac00-931e-11ed-b64e-93f629e31c62"}
{"level":"error","message":"Lawyer not found for consultation: 01f69580-931f-11ed-8891-cf2c9482569a"}
{"level":"error","message":"Lawyer not found for consultation: 01f69580-931f-11ed-8891-cf2c9482569a"}
{"level":"error","message":"Lawyer not found for consultation: 9b9536b0-931f-11ed-b5bb-bda4f9209c94"}
{"level":"error","message":"Lawyer not found for consultation: 9b9536b0-931f-11ed-b5bb-bda4f9209c94"}
{"level":"error","message":"Lawyer not found for consultation: abe3ac00-931e-11ed-b64e-93f629e31c62"}
{"level":"error","message":"Lawyer not found for consultation: abe3ac00-931e-11ed-b64e-93f629e31c62"}
{"level":"error","message":"Lawyer not found for consultation: 01f69580-931f-11ed-8891-cf2c9482569a"}
{"level":"error","message":"Lawyer not found for consultation: 01f69580-931f-11ed-8891-cf2c9482569a"}
{"level":"error","message":"Lawyer not found for consultation: 9b9536b0-931f-11ed-b5bb-bda4f9209c94"}
{"level":"error","message":"Lawyer not found for consultation: 9b9536b0-931f-11ed-b5bb-bda4f9209c94"}
{"level":"error","message":"Lawyer not found for consultation: abe3ac00-931e-11ed-b64e-93f629e31c62"}
{"level":"error","message":"Lawyer not found for consultation: abe3ac00-931e-11ed-b64e-93f629e31c62"}
{"level":"error","message":"Lawyer not found for consultation: 01f69580-931f-11ed-8891-cf2c9482569a"}
{"level":"error","message":"Lawyer not found for consultation: 01f69580-931f-11ed-8891-cf2c9482569a"}
{"level":"error","message":"Lawyer not found for consultation: 9b9536b0-931f-11ed-b5bb-bda4f9209c94"}
{"level":"error","message":"Lawyer not found for consultation: 9b9536b0-931f-11ed-b5bb-bda4f9209c94"}
{"level":"error","message":"Lawyer not found for consultation: 01f69580-931f-11ed-8891-cf2c9482569a"}
{"level":"error","message":"Lawyer not found for consultation: 01f69580-931f-11ed-8891-cf2c9482569a"}
{"level":"error","message":"Lawyer not found for consultation: 9b9536b0-931f-11ed-b5bb-bda4f9209c94"}
{"level":"error","message":"Lawyer not found for consultation: 9b9536b0-931f-11ed-b5bb-bda4f9209c94"}
{"level":"error","message":"Lawyer not found for consultation: 01f69580-931f-11ed-8891-cf2c9482569a"}
{"level":"error","message":"Lawyer not found for consultation: 01f69580-931f-11ed-8891-cf2c9482569a"}
{"level":"error","message":"Lawyer not found for consultation: 9b9536b0-931f-11ed-b5bb-bda4f9209c94"}
{"level":"error","message":"Lawyer not found for consultation: 9b9536b0-931f-11ed-b5bb-bda4f9209c94"}
{"level":"error","message":"Lawyer not found for consultation: 01f69580-931f-11ed-8891-cf2c9482569a"}
{"level":"error","message":"Lawyer not found for consultation: 01f69580-931f-11ed-8891-cf2c9482569a"}
{"level":"error","message":"Lawyer not found for consultation: 9b9536b0-931f-11ed-b5bb-bda4f9209c94"}
{"level":"error","message":"Lawyer not found for consultation: 9b9536b0-931f-11ed-b5bb-bda4f9209c94"}
{"level":"error","message":"Lawyer not found for consultation: 01f69580-931f-11ed-8891-cf2c9482569a"}
{"level":"error","message":"Lawyer not found for consultation: 01f69580-931f-11ed-8891-cf2c9482569a"}
{"level":"error","message":"Lawyer not found for consultation: 9b9536b0-931f-11ed-b5bb-bda4f9209c94"}
{"level":"error","message":"Lawyer not found for consultation: 9b9536b0-931f-11ed-b5bb-bda4f9209c94"}
{"level":"error","message":"Lawyer not found for consultation: 01f69580-931f-11ed-8891-cf2c9482569a"}
{"level":"error","message":"Lawyer not found for consultation: 01f69580-931f-11ed-8891-cf2c9482569a"}
{"level":"error","message":"Lawyer not found for consultation: 9b9536b0-931f-11ed-b5bb-bda4f9209c94"}
{"level":"error","message":"Lawyer not found for consultation: 9b9536b0-931f-11ed-b5bb-bda4f9209c94"}
{"level":"error","message":"Lawyer not found for consultation: 01f69580-931f-11ed-8891-cf2c9482569a"}
{"level":"error","message":"Lawyer not found for consultation: 01f69580-931f-11ed-8891-cf2c9482569a"}
{"level":"error","message":"Lawyer not found for consultation: 9b9536b0-931f-11ed-b5bb-bda4f9209c94"}
{"level":"error","message":"Lawyer not found for consultation: 9b9536b0-931f-11ed-b5bb-bda4f9209c94"}
{"level":"error","message":"Lawyer not found for consultation: f2e12db0-9325-11ed-9260-5fe05291e7da"}
{"level":"error","message":"Lawyer not found for consultation: 01f69580-931f-11ed-8891-cf2c9482569a"}
{"level":"error","message":"Lawyer not found for consultation: 01f69580-931f-11ed-8891-cf2c9482569a"}
{"level":"error","message":"Lawyer not found for consultation: 9b9536b0-931f-11ed-b5bb-bda4f9209c94"}
{"level":"error","message":"Lawyer not found for consultation: 9b9536b0-931f-11ed-b5bb-bda4f9209c94"}
{"level":"error","message":"Lawyer not found for consultation: f2e12db0-9325-11ed-9260-5fe05291e7da"}
{"level":"error","message":"Lawyer not found for consultation: 01f69580-931f-11ed-8891-cf2c9482569a"}
{"level":"error","message":"Lawyer not found for consultation: 01f69580-931f-11ed-8891-cf2c9482569a"}
{"level":"error","message":"Lawyer not found for consultation: 9b9536b0-931f-11ed-b5bb-bda4f9209c94"}
{"level":"error","message":"Lawyer not found for consultation: 9b9536b0-931f-11ed-b5bb-bda4f9209c94"}
{"level":"error","message":"Lawyer not found for consultation: f2e12db0-9325-11ed-9260-5fe05291e7da"}
{"level":"error","message":"Lawyer not found for consultation: 01f69580-931f-11ed-8891-cf2c9482569a"}
{"level":"error","message":"Lawyer not found for consultation: 01f69580-931f-11ed-8891-cf2c9482569a"}
{"level":"error","message":"Lawyer not found for consultation: 9b9536b0-931f-11ed-b5bb-bda4f9209c94"}
{"level":"error","message":"Lawyer not found for consultation: 9b9536b0-931f-11ed-b5bb-bda4f9209c94"}
{"level":"error","message":"Lawyer not found for consultation: f2e12db0-9325-11ed-9260-5fe05291e7da"}
{"level":"error","message":"Lawyer not found for consultation: 01f69580-931f-11ed-8891-cf2c9482569a"}
{"level":"error","message":"Lawyer not found for consultation: 01f69580-931f-11ed-8891-cf2c9482569a"}
{"level":"error","message":"Lawyer not found for consultation: 9b9536b0-931f-11ed-b5bb-bda4f9209c94"}
{"level":"error","message":"Lawyer not found for consultation: 9b9536b0-931f-11ed-b5bb-bda4f9209c94"}
{"level":"error","message":"Lawyer not found for consultation: f2e12db0-9325-11ed-9260-5fe05291e7da"}
{"level":"error","message":"Lawyer not found for consultation: 01f69580-931f-11ed-8891-cf2c9482569a"}
{"level":"error","message":"Lawyer not found for consultation: 9b9536b0-931f-11ed-b5bb-bda4f9209c94"}
{"level":"error","message":"Lawyer not found for consultation: 01f69580-931f-11ed-8891-cf2c9482569a"}
{"level":"error","message":"Lawyer not found for consultation: f2e12db0-9325-11ed-9260-5fe05291e7da"}
{"level":"error","message":"Lawyer not found for consultation: 9b9536b0-931f-11ed-b5bb-bda4f9209c94"}
{"level":"error","message":"Lawyer not found for consultation: 01f69580-931f-11ed-8891-cf2c9482569a"}
{"level":"error","message":"Lawyer not found for consultation: 01f69580-931f-11ed-8891-cf2c9482569a"}
{"level":"error","message":"Lawyer not found for consultation: 9b9536b0-931f-11ed-b5bb-bda4f9209c94"}
{"level":"error","message":"Lawyer not found for consultation: 9b9536b0-931f-11ed-b5bb-bda4f9209c94"}
{"level":"error","message":"Lawyer not found for consultation: f2e12db0-9325-11ed-9260-5fe05291e7da"}
{"level":"error","message":"Lawyer not found for consultation: 01f69580-931f-11ed-8891-cf2c9482569a"}
{"level":"error","message":"Lawyer not found for consultation: 01f69580-931f-11ed-8891-cf2c9482569a"}
{"level":"error","message":"Lawyer not found for consultation: 9b9536b0-931f-11ed-b5bb-bda4f9209c94"}
{"level":"error","message":"Lawyer not found for consultation: 9b9536b0-931f-11ed-b5bb-bda4f9209c94"}
{"level":"error","message":"Lawyer not found for consultation: f2e12db0-9325-11ed-9260-5fe05291e7da"}
{"level":"error","message":"Lawyer not found for consultation: fd4f8200-9326-11ed-a2e0-cb60a89c817e"}
{"level":"error","message":"Lawyer not found for consultation: 01f69580-931f-11ed-8891-cf2c9482569a"}
{"level":"error","message":"Lawyer not found for consultation: 01f69580-931f-11ed-8891-cf2c9482569a"}
{"level":"error","message":"Lawyer not found for consultation: 9b9536b0-931f-11ed-b5bb-bda4f9209c94"}
{"level":"error","message":"Lawyer not found for consultation: 9b9536b0-931f-11ed-b5bb-bda4f9209c94"}
{"level":"error","message":"Lawyer not found for consultation: f2e12db0-9325-11ed-9260-5fe05291e7da"}
{"level":"error","message":"Lawyer not found for consultation: fd4f8200-9326-11ed-a2e0-cb60a89c817e"}
{"level":"error","message":"Lawyer not found for consultation: 01f69580-931f-11ed-8891-cf2c9482569a"}
{"level":"error","message":"Lawyer not found for consultation: 01f69580-931f-11ed-8891-cf2c9482569a"}
{"level":"error","message":"Lawyer not found for consultation: 9b9536b0-931f-11ed-b5bb-bda4f9209c94"}
{"level":"error","message":"Lawyer not found for consultation: 9b9536b0-931f-11ed-b5bb-bda4f9209c94"}
{"level":"error","message":"Lawyer not found for consultation: f2e12db0-9325-11ed-9260-5fe05291e7da"}
{"level":"error","message":"Lawyer not found for consultation: fd4f8200-9326-11ed-a2e0-cb60a89c817e"}
{"level":"error","message":"Lawyer not found for consultation: 01f69580-931f-11ed-8891-cf2c9482569a"}
{"level":"error","message":"Lawyer not found for consultation: 9b9536b0-931f-11ed-b5bb-bda4f9209c94"}
{"level":"error","message":"Lawyer not found for consultation: 01f69580-931f-11ed-8891-cf2c9482569a"}
{"level":"error","message":"Lawyer not found for consultation: f2e12db0-9325-11ed-9260-5fe05291e7da"}
{"level":"error","message":"Lawyer not found for consultation: 9b9536b0-931f-11ed-b5bb-bda4f9209c94"}
{"level":"error","message":"Lawyer not found for consultation: fd4f8200-9326-11ed-a2e0-cb60a89c817e"}
{"level":"error","message":"Lawyer not found for consultation: 9b9536b0-931f-11ed-b5bb-bda4f9209c94"}
{"level":"error","message":"Lawyer not found for consultation: 9b9536b0-931f-11ed-b5bb-bda4f9209c94"}
{"level":"error","message":"Lawyer not found for consultation: fd4f8200-9326-11ed-a2e0-cb60a89c817e"}
{"level":"error","message":"Lawyer not found for consultation: f2e12db0-9325-11ed-9260-5fe05291e7da"}
{"level":"error","message":"Lawyer not found for consultation: fd4f8200-9326-11ed-a2e0-cb60a89c817e"}
{"level":"error","message":"Lawyer not found for consultation: 9b9536b0-931f-11ed-b5bb-bda4f9209c94"}
{"level":"error","message":"Lawyer not found for consultation: 9b9536b0-931f-11ed-b5bb-bda4f9209c94"}
{"level":"error","message":"Lawyer not found for consultation: f2e12db0-9325-11ed-9260-5fe05291e7da"}
{"level":"error","message":"Lawyer not found for consultation: fd4f8200-9326-11ed-a2e0-cb60a89c817e"}
{"level":"error","message":"Lawyer not found for consultation: fd4f8200-9326-11ed-a2e0-cb60a89c817e"}
{"level":"error","message":"Lawyer not found for consultation: 9b9536b0-931f-11ed-b5bb-bda4f9209c94"}
{"level":"error","message":"Lawyer not found for consultation: 9b9536b0-931f-11ed-b5bb-bda4f9209c94"}
{"level":"error","message":"Lawyer not found for consultation: f2e12db0-9325-11ed-9260-5fe05291e7da"}
{"level":"error","message":"Lawyer not found for consultation: fd4f8200-9326-11ed-a2e0-cb60a89c817e"}
{"level":"error","message":"Lawyer not found for consultation: fd4f8200-9326-11ed-a2e0-cb60a89c817e"}
{"level":"error","message":"Lawyer not found for consultation: 9b9536b0-931f-11ed-b5bb-bda4f9209c94"}
{"level":"error","message":"Lawyer not found for consultation: 9b9536b0-931f-11ed-b5bb-bda4f9209c94"}
{"level":"error","message":"Lawyer not found for consultation: f2e12db0-9325-11ed-9260-5fe05291e7da"}
{"level":"error","message":"Lawyer not found for consultation: 9b9536b0-931f-11ed-b5bb-bda4f9209c94"}
{"level":"error","message":"Lawyer not found for consultation: 9b9536b0-931f-11ed-b5bb-bda4f9209c94"}
{"level":"error","message":"Lawyer not found for consultation: f2e12db0-9325-11ed-9260-5fe05291e7da"}
{"level":"error","message":"Lawyer not found for consultation: 9b9536b0-931f-11ed-b5bb-bda4f9209c94"}
{"level":"error","message":"Lawyer not found for consultation: 9b9536b0-931f-11ed-b5bb-bda4f9209c94"}
{"level":"error","message":"Lawyer not found for consultation: 50821270-9328-11ed-882a-f1d7bd29ec75"}
{"level":"error","message":"Lawyer not found for consultation: f2e12db0-9325-11ed-9260-5fe05291e7da"}
{"level":"error","message":"Lawyer not found for consultation: 50821270-9328-11ed-882a-f1d7bd29ec75"}
{"level":"error","message":"Lawyer not found for consultation: 9b9536b0-931f-11ed-b5bb-bda4f9209c94"}
{"level":"error","message":"Lawyer not found for consultation: 9b9536b0-931f-11ed-b5bb-bda4f9209c94"}
{"level":"error","message":"Lawyer not found for consultation: 50821270-9328-11ed-882a-f1d7bd29ec75"}
{"level":"error","message":"Lawyer not found for consultation: f2e12db0-9325-11ed-9260-5fe05291e7da"}
{"level":"error","message":"Lawyer not found for consultation: 50821270-9328-11ed-882a-f1d7bd29ec75"}
{"level":"error","message":"Lawyer not found for consultation: 9b9536b0-931f-11ed-b5bb-bda4f9209c94"}
{"level":"error","message":"Lawyer not found for consultation: 9b9536b0-931f-11ed-b5bb-bda4f9209c94"}
{"level":"error","message":"Lawyer not found for consultation: f2e12db0-9325-11ed-9260-5fe05291e7da"}
{"level":"error","message":"Lawyer not found for consultation: 8d723670-932c-11ed-b072-31158e621e8a"}
{"level":"error","message":"Lawyer not found for consultation: 8d723670-932c-11ed-b072-31158e621e8a"}
{"level":"error","message":"Lawyer not found for consultation: 8d723670-932c-11ed-b072-31158e621e8a"}
{"level":"error","message":"Lawyer not found for consultation: 8d723670-932c-11ed-b072-31158e621e8a"}
{"level":"error","message":"Lawyer not found for consultation: 8d723670-932c-11ed-b072-31158e621e8a"}
{"level":"error","message":"Lawyer not found for consultation: 8d723670-932c-11ed-b072-31158e621e8a"}
{"level":"error","message":"Lawyer not found for consultation: 8d723670-932c-11ed-b072-31158e621e8a"}
{"level":"error","message":"Lawyer not found for consultation: 8d723670-932c-11ed-b072-31158e621e8a"}
{"level":"error","message":"Lawyer not found for consultation: 8d723670-932c-11ed-b072-31158e621e8a"}
{"level":"error","message":"Lawyer not found for consultation: 8d723670-932c-11ed-b072-31158e621e8a"}
{"level":"error","message":"Lawyer not found for consultation: 2736b9b0-932e-11ed-a03d-f1426ff3103c"}
{"level":"error","message":"Lawyer not found for consultation: 2736b9b0-932e-11ed-a03d-f1426ff3103c"}
{"level":"error","message":"Lawyer not found for consultation: 2736b9b0-932e-11ed-a03d-f1426ff3103c"}
{"level":"error","message":"Lawyer not found for consultation: 2736b9b0-932e-11ed-a03d-f1426ff3103c"}
{"level":"error","message":"Lawyer not found for consultation: 2736b9b0-932e-11ed-a03d-f1426ff3103c"}
{"level":"error","message":"Lawyer not found for consultation: 2736b9b0-932e-11ed-a03d-f1426ff3103c"}
{"level":"error","message":"Lawyer not found for consultation: 9274a4d0-932e-11ed-a03d-f1426ff3103c"}
{"level":"error","message":"Lawyer not found for consultation: 9274a4d0-932e-11ed-a03d-f1426ff3103c"}
{"level":"error","message":"Lawyer not found for consultation: 9274a4d0-932e-11ed-a03d-f1426ff3103c"}
{"level":"error","message":"Lawyer not found for consultation: 9274a4d0-932e-11ed-a03d-f1426ff3103c"}
{"level":"error","message":"Lawyer not found for consultation: 9274a4d0-932e-11ed-a03d-f1426ff3103c"}
{"level":"error","message":"Lawyer not found for consultation: 9274a4d0-932e-11ed-a03d-f1426ff3103c"}
{"level":"error","message":"Lawyer not found for consultation: 9274a4d0-932e-11ed-a03d-f1426ff3103c"}
{"level":"error","message":"Lawyer not found for consultation: 9274a4d0-932e-11ed-a03d-f1426ff3103c"}
{"level":"error","message":"Lawyer not found for consultation: 9274a4d0-932e-11ed-a03d-f1426ff3103c"}
{"level":"error","message":"Lawyer not found for consultation: 9274a4d0-932e-11ed-a03d-f1426ff3103c"}
{"level":"error","message":"Lawyer not found for consultation: 9274a4d0-932e-11ed-a03d-f1426ff3103c"}
{"level":"error","message":"Lawyer not found for consultation: 9274a4d0-932e-11ed-a03d-f1426ff3103c"}
{"level":"error","message":"Lawyer not found for consultation: 9274a4d0-932e-11ed-a03d-f1426ff3103c"}
{"level":"error","message":"Lawyer not found for consultation: 9274a4d0-932e-11ed-a03d-f1426ff3103c"}
{"level":"error","message":"Lawyer not found for consultation: 9274a4d0-932e-11ed-a03d-f1426ff3103c"}
{"level":"error","message":"Lawyer not found for consultation: 9274a4d0-932e-11ed-a03d-f1426ff3103c"}
{"level":"error","message":"Lawyer not found for consultation: 9274a4d0-932e-11ed-a03d-f1426ff3103c"}
{"level":"error","message":"Lawyer not found for consultation: 9274a4d0-932e-11ed-a03d-f1426ff3103c"}
{"level":"error","message":"Lawyer not found for consultation: 9274a4d0-932e-11ed-a03d-f1426ff3103c"}
{"level":"error","message":"Lawyer not found for consultation: 9274a4d0-932e-11ed-a03d-f1426ff3103c"}
{"level":"error","message":"Lawyer not found for consultation: 9274a4d0-932e-11ed-a03d-f1426ff3103c"}
{"level":"error","message":"Lawyer not found for consultation: 9274a4d0-932e-11ed-a03d-f1426ff3103c"}
{"level":"error","message":"Lawyer not found for consultation: 9274a4d0-932e-11ed-a03d-f1426ff3103c"}
{"level":"error","message":"Lawyer not found for consultation: 9274a4d0-932e-11ed-a03d-f1426ff3103c"}
{"level":"error","message":"Lawyer not found for consultation: 9274a4d0-932e-11ed-a03d-f1426ff3103c"}
{"level":"error","message":"Lawyer not found for consultation: 9274a4d0-932e-11ed-a03d-f1426ff3103c"}
{"level":"error","message":"Lawyer not found for consultation: 9274a4d0-932e-11ed-a03d-f1426ff3103c"}
{"level":"error","message":"Lawyer not found for consultation: 9274a4d0-932e-11ed-a03d-f1426ff3103c"}
{"level":"error","message":"Lawyer not found for consultation: 9274a4d0-932e-11ed-a03d-f1426ff3103c"}
{"level":"error","message":"Lawyer not found for consultation: 9274a4d0-932e-11ed-a03d-f1426ff3103c"}
{"level":"error","message":"Lawyer not found for consultation: 9274a4d0-932e-11ed-a03d-f1426ff3103c"}
{"level":"error","message":"Lawyer not found for consultation: 9274a4d0-932e-11ed-a03d-f1426ff3103c"}
{"level":"error","message":"Lawyer not found for consultation: b43a5b30-9330-11ed-a03d-f1426ff3103c"}
{"level":"error","message":"Lawyer not found for consultation: b43a5b30-9330-11ed-a03d-f1426ff3103c"}
{"level":"error","message":"Lawyer not found for consultation: 9274a4d0-932e-11ed-a03d-f1426ff3103c"}
{"level":"error","message":"Lawyer not found for consultation: 9274a4d0-932e-11ed-a03d-f1426ff3103c"}
{"level":"error","message":"Lawyer not found for consultation: b43a5b30-9330-11ed-a03d-f1426ff3103c"}
{"level":"error","message":"Lawyer not found for consultation: b43a5b30-9330-11ed-a03d-f1426ff3103c"}
{"level":"error","message":"Lawyer not found for consultation: b43a5b30-9330-11ed-a03d-f1426ff3103c"}
{"level":"error","message":"Lawyer not found for consultation: b43a5b30-9330-11ed-a03d-f1426ff3103c"}
{"level":"error","message":"Lawyer not found for consultation: b43a5b30-9330-11ed-a03d-f1426ff3103c"}
{"level":"error","message":"Lawyer not found for consultation: b43a5b30-9330-11ed-a03d-f1426ff3103c"}
{"level":"error","message":"Lawyer not found for consultation: b43a5b30-9330-11ed-a03d-f1426ff3103c"}
{"level":"error","message":"Lawyer not found for consultation: b43a5b30-9330-11ed-a03d-f1426ff3103c"}
{"level":"error","message":"Lawyer not found for consultation: b43a5b30-9330-11ed-a03d-f1426ff3103c"}
{"level":"error","message":"Lawyer not found for consultation: b43a5b30-9330-11ed-a03d-f1426ff3103c"}
{"level":"error","message":"Lawyer not found for consultation: b43a5b30-9330-11ed-a03d-f1426ff3103c"}
{"level":"error","message":"Lawyer not found for consultation: b43a5b30-9330-11ed-a03d-f1426ff3103c"}
{"level":"error","message":"Lawyer not found for consultation: b43a5b30-9330-11ed-a03d-f1426ff3103c"}
{"level":"error","message":"Lawyer not found for consultation: b43a5b30-9330-11ed-a03d-f1426ff3103c"}
{"level":"error","message":"Lawyer not found for consultation: b43a5b30-9330-11ed-a03d-f1426ff3103c"}
{"level":"error","message":"Lawyer not found for consultation: b43a5b30-9330-11ed-a03d-f1426ff3103c"}
{"level":"error","message":"Lawyer not found for consultation: b43a5b30-9330-11ed-a03d-f1426ff3103c"}
{"level":"error","message":"Lawyer not found for consultation: b43a5b30-9330-11ed-a03d-f1426ff3103c"}
{"level":"error","message":"Lawyer not found for consultation: b43a5b30-9330-11ed-a03d-f1426ff3103c"}
{"level":"error","message":"Lawyer not found for consultation: b43a5b30-9330-11ed-a03d-f1426ff3103c"}
{"level":"error","message":"Lawyer not found for consultation: b43a5b30-9330-11ed-a03d-f1426ff3103c"}
{"level":"error","message":"Lawyer not found for consultation: b43a5b30-9330-11ed-a03d-f1426ff3103c"}
{"level":"info","message":"Thu Jan 12 2023 16:00:00 GMT+0400 | Привет mila. Напоминаем о консультации с юристом Lawyer завтра в Fri Jan 13 2023 16:00:00 GMT+0400 (Armenia Standard Time)."}
{"level":"info","message":"Fri Jan 13 2023 16:00:00 GMT+0400 (Armenia Standard Time) | Привет mila. Через 2 часа у вас консультация с юристом Lawyer."}
{"level":"info","message":"Fri Jan 13 2023 16:00:00 GMT+0400 (Armenia Standard Time) | Привет mila. Через 2 часа у вас консультация с юристом Lawyer."}
{"level":"info","message":"Thu Jan 12 2023 16:00:00 GMT+0400 | Привет mila. Напоминаем о консультации с юристом Lawyer завтра в Fri Jan 13 2023 16:00:00 GMT+0400 (Armenia Standard Time)."}
{"level":"info","message":"Thu Jan 12 2023 16:00:00 GMT+0400 | Привет mila. Напоминаем о консультации с юристом Lawyer завтра в Fri Jan 13 2023 16:00:00 GMT+0400 (Armenia Standard Time)."}
{"level":"info","message":"Fri Jan 13 2023 16:00:00 GMT+0400 (Armenia Standard Time) | Привет mila. Через 2 часа у вас консультация с юристом Lawyer."}
{"level":"info","message":"Thu Jan 12 2023 16:00:00 GMT+0400 | Привет mila. Напоминаем о консультации с юристом Lawyer завтра в Fri Jan 13 2023 16:00:00 GMT+0400 (Armenia Standard Time)."}
{"level":"info","message":"Fri Jan 13 2023 16:00:00 GMT+0400 (Armenia Standard Time) | Привет mila. Через 2 часа у вас консультация с юристом Lawyer."}
{"level":"info","message":"Fri Jan 13 2023 16:00:00 GMT+0400 (Armenia Standard Time) | Привет mila. Через 2 часа у вас консультация с юристом Lawyer."}
{"level":"info","message":"Thu Jan 12 2023 16:00:00 GMT+0400 | Привет mila. Напоминаем о консультации с юристом Lawyer завтра в Fri Jan 13 2023 16:00:00 GMT+0400 (Armenia Standard Time)."}
{"level":"info","message":"Fri Jan 13 2023 16:00:00 GMT+0400 (Armenia Standard Time) | Привет mila. Через 2 часа у вас консультация с юристом Lawyer."}
{"level":"info","message":"Thu Jan 12 2023 16:00:00 GMT+0400 | Привет mila. Напоминаем о консультации с юристом Lawyer завтра в Fri Jan 13 2023 16:00:00 GMT+0400 (Armenia Standard Time)."}
{"level":"info","message":"Fri Jan 13 2023 16:00:00 GMT+0400 (Armenia Standard Time) | Привет mila. Через 2 часа у вас консультация с юристом Lawyer."}
{"level":"info","message":"Thu Jan 12 2023 16:00:00 GMT+0400 | Привет mila. Напоминаем о консультации с юристом Lawyer завтра в Fri Jan 13 2023 16:00:00 GMT+0400 (Armenia Standard Time)."}
{"level":"info","message":"Fri Jan 13 2023 16:00:00 GMT+0400 (Armenia Standard Time) | Привет mila. Через 2 часа у вас консультация с юристом Lawyer."}
{"level":"info","message":"Thu Jan 12 2023 16:00:00 GMT+0400 | Привет mila. Напоминаем о консультации с юристом Lawyer завтра в Fri Jan 13 2023 16:00:00 GMT+0400 (Armenia Standard Time)."}
{"level":"info","message":"Fri Jan 13 2023 16:00:00 GMT+0400 (Armenia Standard Time) | Привет mila. Через 2 часа у вас консультация с юристом Lawyer."}
{"level":"info","message":"Thu Jan 12 2023 16:00:00 GMT+0400 | Привет mila. Напоминаем о консультации с юристом Lawyer завтра в Fri Jan 13 2023 16:00:00 GMT+0400 (Armenia Standard Time)."}
{"level":"info","message":"Fri Jan 13 2023 16:00:00 GMT+0400 (Armenia Standard Time) | Привет mila. Через 2 часа у вас консультация с юристом Lawyer."}
{"level":"info","message":"Thu Jan 12 2023 16:00:00 GMT+0400 | Привет mila. Напоминаем о консультации с юристом Lawyer завтра в Fri Jan 13 2023 16:00:00 GMT+0400 (Armenia Standard Time)."}
{"level":"info","message":"Fri Jan 13 2023 16:00:00 GMT+0400 (Armenia Standard Time) | Привет mila. Через 2 часа у вас консультация с юристом Lawyer."}
{"level":"info","message":"Thu Jan 12 2023 16:00:00 GMT+0400 | Привет mila. Напоминаем о консультации с юристом Lawyer завтра в Fri Jan 13 2023 16:00:00 GMT+0400 (Armenia Standard Time)."}
{"level":"info","message":"Fri Jan 13 2023 16:00:00 GMT+0400 (Armenia Standard Time) | Привет mila. Через 2 часа у вас консультация с юристом Lawyer."}
{"level":"info","message":"Thu Jan 12 2023 16:00:00 GMT+0400 | Привет mila. Напоминаем о консультации с юристом Lawyer завтра в Fri Jan 13 2023 16:00:00 GMT+0400 (Armenia Standard Time)."}
{"level":"info","message":"Fri Jan 13 2023 16:00:00 GMT+0400 (Armenia Standard Time) | Привет mila. Через 2 часа у вас консультация с юристом Lawyer."}
{"level":"info","message":"Thu Jan 12 2023 16:00:00 GMT+0400 | Привет mila. Напоминаем о консультации с юристом Lawyer завтра в Fri Jan 13 2023 16:00:00 GMT+0400 (Armenia Standard Time)."}
{"level":"info","message":"Fri Jan 13 2023 16:00:00 GMT+0400 (Armenia Standard Time) | Привет mila. Через 2 часа у вас консультация с юристом Lawyer."}
{"level":"info","message":"Thu Jan 12 2023 16:00:00 GMT+0400 | Привет mila. Напоминаем о консультации с юристом Lawyer завтра в Fri Jan 13 2023 16:00:00 GMT+0400 (Armenia Standard Time)."}
{"level":"info","message":"Fri Jan 13 2023 16:00:00 GMT+0400 (Armenia Standard Time) | Привет mila. Через 2 часа у вас консультация с юристом Lawyer."}
{"level":"info","message":"Thu Jan 12 2023 16:00:00 GMT+0400 | Привет mila. Напоминаем о консультации с юристом Lawyer завтра в Fri Jan 13 2023 16:00:00 GMT+0400 (Armenia Standard Time)."}
{"level":"info","message":"Fri Jan 13 2023 16:00:00 GMT+0400 (Armenia Standard Time) | Привет mila. Через 2 часа у вас консультация с юристом Lawyer."}
{"level":"info","message":"Thu Jan 12 2023 16:00:00 GMT+0400 | Привет mila. Напоминаем о консультации с юристом Lawyer завтра в Fri Jan 13 2023 16:00:00 GMT+0400 (Armenia Standard Time)."}
{"level":"info","message":"Thu Jan 12 2023 16:00:00 GMT+0400 | Привет mila. Напоминаем о консультации с юристом Lawyer завтра в Fri Jan 13 2023 16:00:00 GMT+0400 (Armenia Standard Time)."}
{"level":"info","message":"Fri Jan 13 2023 16:00:00 GMT+0400 (Armenia Standard Time) | Привет mila. Через 2 часа у вас консультация с юристом Lawyer."}
{"level":"info","message":"Fri Jan 13 2023 16:00:00 GMT+0400 (Armenia Standard Time) | Привет mila. Через 2 часа у вас консультация с юристом Lawyer."}
{"level":"info","message":"Thu Jan 12 2023 16:00:00 GMT+0400 | Привет mila. Напоминаем о консультации с юристом Lawyer завтра в Fri Jan 13 2023 16:00:00 GMT+0400 (Armenia Standard Time)."}
{"level":"info","message":"Thu Jan 12 2023 16:00:00 GMT+0400 | Привет mila. Напоминаем о консультации с юристом Lawyer завтра в Fri Jan 13 2023 16:00:00 GMT+0400 (Armenia Standard Time)."}
{"level":"info","message":"Fri Jan 13 2023 16:00:00 GMT+0400 (Armenia Standard Time) | Привет mila. Через 2 часа у вас консультация с юристом Lawyer."}
{"level":"info","message":"Thu Jan 12 2023 16:00:00 GMT+0400 | Привет mila. Напоминаем о консультации с юристом Lawyer завтра в Fri Jan 13 2023 16:00:00 GMT+0400 (Armenia Standard Time)."}
{"level":"info","message":"Fri Jan 13 2023 16:00:00 GMT+0400 (Armenia Standard Time) | Привет mila. Через 2 часа у вас консультация с юристом Lawyer."}
{"level":"info","message":"Thu Jan 12 2023 16:00:00 GMT+0400 | Привет mila. Напоминаем о консультации с юристом Lawyer завтра в Fri Jan 13 2023 16:00:00 GMT+0400 (Armenia Standard Time)."}
{"level":"info","message":"Thu Jan 12 2023 16:00:00 GMT+0400 | Привет mila. Напоминаем о консультации с юристом Lawyer завтра в Fri Jan 13 2023 16:00:00 GMT+0400 (Armenia Standard Time)."}
{"level":"info","message":"Fri Jan 13 2023 16:00:00 GMT+0400 (Armenia Standard Time) | Привет mila. Через 2 часа у вас консультация с юристом Lawyer."}
{"level":"info","message":"Fri Jan 13 2023 16:00:00 GMT+0400 (Armenia Standard Time) | Привет mila. Через 2 часа у вас консультация с юристом Lawyer."}
{"level":"info","message":"Fri Jan 13 2023 16:00:00 GMT+0400 (Armenia Standard Time) | Привет mila. Через 2 часа у вас консультация с юристом Lawyer."}
{"level":"info","message":"Thu Jan 12 2023 16:00:00 GMT+0400 | Привет mila. Напоминаем о консультации с юристом Lawyer завтра в Fri Jan 13 2023 16:00:00 GMT+0400 (Armenia Standard Time)."}
{"level":"info","message":"Fri Jan 13 2023 16:00:00 GMT+0400 (Armenia Standard Time) | Привет mila. Через 2 часа у вас консультация с юристом Lawyer."}
{"level":"info","message":"Thu Jan 12 2023 16:00:00 GMT+0400 | Привет mila. Напоминаем о консультации с юристом Lawyer завтра в Fri Jan 13 2023 16:00:00 GMT+0400 (Armenia Standard Time)."}
{"level":"info","message":"Fri Jan 13 2023 16:00:00 GMT+0400 (Armenia Standard Time) | Привет mila. Через 2 часа у вас консультация с юристом Lawyer."}
{"level":"info","message":"Thu Jan 12 2023 16:00:00 GMT+0400 | Привет mila. Напоминаем о консультации с юристом Lawyer завтра в Fri Jan 13 2023 16:00:00 GMT+0400 (Armenia Standard Time)."}
{"level":"info","message":"Fri Jan 13 2023 16:00:00 GMT+0400 (Armenia Standard Time) | Привет mila. Через 2 часа у вас консультация с юристом Lawyer."}
{"level":"info","message":"Thu Jan 12 2023 16:00:00 GMT+0400 | Привет mila. Напоминаем о консультации с юристом Lawyer завтра в Fri Jan 13 2023 16:00:00 GMT+0400 (Armenia Standard Time)."}
{"level":"info","message":"Thu Jan 12 2023 16:00:00 GMT+0400 | Привет mila. Напоминаем о консультации с юристом Lawyer завтра в Fri Jan 13 2023 16:00:00 GMT+0400 (Armenia Standard Time)."}
{"level":"info","message":"Fri Jan 13 2023 16:00:00 GMT+0400 (Armenia Standard Time) | Привет mila. Через 2 часа у вас консультация с юристом Lawyer."}
{"level":"info","message":"Thu Jan 12 2023 16:00:00 GMT+0400 | Привет mila. Напоминаем о консультации с юристом Lawyer завтра в Fri Jan 13 2023 16:00:00 GMT+0400 (Armenia Standard Time)."}
{"level":"info","message":"Fri Jan 13 2023 16:00:00 GMT+0400 (Armenia Standard Time) | Привет mila. Через 2 часа у вас консультация с юристом Lawyer."}
{"level":"info","message":"Fri Jan 13 2023 16:00:00 GMT+0400 (Armenia Standard Time) | Привет mila. Через 2 часа у вас консультация с юристом Lawyer."}
{"level":"info","message":"Thu Jan 12 2023 16:00:00 GMT+0400 | Привет mila. Напоминаем о консультации с юристом Lawyer завтра в Fri Jan 13 2023 16:00:00 GMT+0400 (Armenia Standard Time)."}
{"level":"info","message":"Fri Jan 13 2023 16:00:00 GMT+0400 (Armenia Standard Time) | Привет mila. Через 2 часа у вас консультация с юристом Lawyer."}
{"level":"info","message":"Thu Jan 12 2023 16:00:00 GMT+0400 | Привет mila. Напоминаем о консультации с юристом Lawyer завтра в Fri Jan 13 2023 16:00:00 GMT+0400 (Armenia Standard Time)."}
{"level":"info","message":"Thu Jan 12 2023 16:00:00 GMT+0400 | Привет mila. Напоминаем о консультации с юристом Lawyer завтра в Fri Jan 13 2023 16:00:00 GMT+0400 (Armenia Standard Time)."}
{"level":"info","message":"Fri Jan 13 2023 16:00:00 GMT+0400 (Armenia Standard Time) | Привет mila. Через 2 часа у вас консультация с юристом Lawyer."}
{"level":"info","message":"Thu Jan 12 2023 16:00:00 GMT+0400 | Привет mila. Напоминаем о консультации с юристом Lawyer завтра в Fri Jan 13 2023 16:00:00 GMT+0400 (Armenia Standard Time)."}
{"level":"info","message":"Fri Jan 13 2023 16:00:00 GMT+0400 (Armenia Standard Time) | Привет mila. Через 2 часа у вас консультация с юристом Lawyer."}
{"level":"info","message":"Thu Jan 12 2023 16:00:00 GMT+0400 | Привет mila. Напоминаем о консультации с юристом Lawyer завтра в Fri Jan 13 2023 16:00:00 GMT+0400 (Armenia Standard Time)."}
{"level":"info","message":"Fri Jan 13 2023 16:00:00 GMT+0400 (Armenia Standard Time) | Привет mila. Через 2 часа у вас консультация с юристом Lawyer."}
{"level":"info","message":"Fri Jan 13 2023 16:00:00 GMT+0400 (Armenia Standard Time) | Привет mila. Через 2 часа у вас консультация с юристом Lawyer."}
{"level":"info","message":"Thu Jan 12 2023 16:00:00 GMT+0400 | Привет mila. Напоминаем о консультации с юристом Lawyer завтра в Fri Jan 13 2023 16:00:00 GMT+0400 (Armenia Standard Time)."}
{"level":"info","message":"Fri Jan 13 2023 16:00:00 GMT+0400 (Armenia Standard Time) | Привет mila. Через 2 часа у вас консультация с юристом Lawyer."}
{"level":"info","message":"Thu Jan 12 2023 16:00:00 GMT+0400 | Привет mila. Напоминаем о консультации с юристом Lawyer завтра в Fri Jan 13 2023 16:00:00 GMT+0400 (Armenia Standard Time)."}
{"level":"info","message":"Fri Jan 13 2023 16:00:00 GMT+0400 (Armenia Standard Time) | Привет mila. Через 2 часа у вас консультация с юристом Lawyer."}
{"level":"info","message":"Thu Jan 12 2023 16:00:00 GMT+0400 | Привет mila. Напоминаем о консультации с юристом Lawyer завтра в Fri Jan 13 2023 16:00:00 GMT+0400 (Armenia Standard Time)."}
{"level":"info","message":"Fri Jan 13 2023 16:00:00 GMT+0400 (Armenia Standard Time) | Привет mila. Через 2 часа у вас консультация с юристом Lawyer."}
{"level":"info","message":"Thu Jan 12 2023 16:00:00 GMT+0400 | Привет mila. Напоминаем о консультации с юристом Lawyer завтра в Fri Jan 13 2023 16:00:00 GMT+0400 (Armenia Standard Time)."}
{"level":"info","message":"Fri Jan 13 2023 16:00:00 GMT+0400 (Armenia Standard Time) | Привет mila. Через 2 часа у вас консультация с юристом Lawyer."}
{"level":"info","message":"Thu Jan 12 2023 16:00:00 GMT+0400 | Привет mila. Напоминаем о консультации с юристом Lawyer завтра в Fri Jan 13 2023 16:00:00 GMT+0400 (Armenia Standard Time)."}
{"level":"info","message":"Fri Jan 13 2023 16:00:00 GMT+0400 (Armenia Standard Time) | Привет mila. Через 2 часа у вас консультация с юристом Lawyer."}
{"level":"info","message":"Thu Jan 12 2023 16:00:00 GMT+0400 | Привет mila. Напоминаем о консультации с юристом Lawyer завтра в Fri Jan 13 2023 16:00:00 GMT+0400 (Armenia Standard Time)."}
{"level":"info","message":"Fri Jan 13 2023 16:00:00 GMT+0400 (Armenia Standard Time) | Привет mila. Через 2 часа у вас консультация с юристом Lawyer."}
{"level":"info","message":"Thu Jan 12 2023 16:00:00 GMT+0400 | Привет mila. Напоминаем о консультации с юристом Lawyer завтра в Fri Jan 13 2023 16:00:00 GMT+0400 (Armenia Standard Time)."}
{"level":"info","message":"Fri Jan 13 2023 16:00:00 GMT+0400 (Armenia Standard Time) | Привет mila. Через 2 часа у вас консультация с юристом Lawyer."}
{"level":"info","message":"Thu Jan 12 2023 16:00:00 GMT+0400 | Привет mila. Напоминаем о консультации с юристом Lawyer завтра в Fri Jan 13 2023 16:00:00 GMT+0400 (Armenia Standard Time)."}
{"level":"info","message":"Fri Jan 13 2023 16:00:00 GMT+0400 (Armenia Standard Time) | Привет mila. Через 2 часа у вас консультация с юристом Lawyer."}
{"level":"info","message":"Thu Jan 12 2023 16:00:00 GMT+0400 | Привет mila. Напоминаем о консультации с юристом Lawyer завтра в Fri Jan 13 2023 16:00:00 GMT+0400 (Armenia Standard Time)."}
{"level":"info","message":"Thu Jan 12 2023 16:00:00 GMT+0400 | Привет mila. Напоминаем о консультации с юристом Lawyer завтра в Fri Jan 13 2023 16:00:00 GMT+0400 (Armenia Standard Time)."}
{"level":"info","message":"Fri Jan 13 2023 16:00:00 GMT+0400 (Armenia Standard Time) | Привет mila. Через 2 часа у вас консультация с юристом Lawyer."}
{"level":"info","message":"Thu Jan 12 2023 16:00:00 GMT+0400 | Привет mila. Напоминаем о консультации с юристом Lawyer завтра в Fri Jan 13 2023 16:00:00 GMT+0400 (Armenia Standard Time)."}
{"level":"info","message":"Fri Jan 13 2023 16:00:00 GMT+0400 (Armenia Standard Time) | Привет mila. Через 2 часа у вас консультация с юристом Lawyer."}
{"level":"info","message":"Thu Jan 12 2023 16:00:00 GMT+0400 | Привет mila. Напоминаем о консультации с юристом Lawyer завтра в Fri Jan 13 2023 16:00:00 GMT+0400 (Armenia Standard Time)."}
{"level":"info","message":"Fri Jan 13 2023 16:00:00 GMT+0400 (Armenia Standard Time) | Привет mila. Через 2 часа у вас консультация с юристом Lawyer."}
{"level":"info","message":"Fri Jan 13 2023 16:00:00 GMT+0400 (Armenia Standard Time) | Привет mila. Через 2 часа у вас консультация с юристом Lawyer."}
{"level":"info","message":"Thu Jan 12 2023 16:00:00 GMT+0400 | Привет mila. Напоминаем о консультации с юристом Lawyer завтра в Fri Jan 13 2023 16:00:00 GMT+0400 (Armenia Standard Time)."}
{"level":"info","message":"Thu Jan 12 2023 16:00:00 GMT+0400 | Привет mila. Напоминаем о консультации с юристом Lawyer завтра в Fri Jan 13 2023 16:00:00 GMT+0400 (Armenia Standard Time)."}
{"level":"info","message":"Fri Jan 13 2023 16:00:00 GMT+0400 (Armenia Standard Time) | Привет mila. Через 2 часа у вас консультация с юристом Lawyer."}
{"level":"info","message":"Thu Jan 12 2023 16:00:00 GMT+0400 | Привет mila. Напоминаем о консультации с юристом Lawyer завтра в Fri Jan 13 2023 16:00:00 GMT+0400 (Armenia Standard Time)."}
{"level":"info","message":"Fri Jan 13 2023 16:00:00 GMT+0400 (Armenia Standard Time) | Привет mila. Через 2 часа у вас консультация с юристом Lawyer."}
